#
# There is insufficient memory for the Java Runtime Environment to continue.
# Native memory allocation (mmap) failed to map 128450560 bytes for committing reserved memory.
# Possible reasons:
#   The system is out of physical RAM or swap space
#   In 32 bit mode, the process size limit was hit
# Possible solutions:
#   Reduce memory load on the system
#   Increase physical memory or swap space
#   Check if swap backing store is full
#   Use 64 bit Java on a 64 bit OS
#   Decrease Java heap size (-Xmx/-Xms)
#   Decrease number of Java threads
#   Decrease Java thread stack sizes (-Xss)
#   Set larger code cache with -XX:ReservedCodeCacheSize=
# This output file may be truncated or incomplete.
#
#  Out of Memory Error (os_linux.cpp:2640), pid=15616, tid=0x00007fa214906700
#
# JRE version: Java(TM) SE Runtime Environment (8.0_181-b13) (build 1.8.0_181-b13)
# Java VM: Java HotSpot(TM) 64-Bit Server VM (25.181-b13 mixed mode linux-amd64 compressed oops)
# Failed to write core dump. Core dumps have been disabled. To enable core dumping, try "ulimit -c unlimited" before starting Java again
#

---------------  T H R E A D  ---------------

Current thread (0x00007fa2281cf800):  VMThread [stack: 0x00007fa214807000,0x00007fa214907000] [id=15632]

Stack: [0x00007fa214807000,0x00007fa214907000],  sp=0x00007fa2149052a0,  free space=1016k
Native frames: (J=compiled Java code, j=interpreted, Vv=VM code, C=native code)
V  [libjvm.so+0xad21aa]  VMError::report_and_die()+0x2ba
V  [libjvm.so+0x5022db]  report_vm_out_of_memory(char const*, int, unsigned long, VMErrorType, char const*)+0x8b
V  [libjvm.so+0x92fe33]  os::Linux::commit_memory_impl(char*, unsigned long, bool)+0x123
V  [libjvm.so+0x930059]  os::pd_commit_memory(char*, unsigned long, unsigned long, bool)+0x29
V  [libjvm.so+0x9272ba]  os::commit_memory(char*, unsigned long, unsigned long, bool)+0x2a
V  [libjvm.so+0x99d2e3]  PSVirtualSpace::expand_by(unsigned long)+0x53
V  [libjvm.so+0x99e6e8]  PSYoungGen::resize_generation(unsigned long, unsigned long)+0xf8
V  [libjvm.so+0x99d842]  PSYoungGen::resize(unsigned long, unsigned long)+0x22
V  [libjvm.so+0x99ab1b]  PSScavenge::invoke_no_policy()+0xf3b
V  [libjvm.so+0x995dc5]  PSParallelCompact::invoke(bool)+0x85
V  [libjvm.so+0x488e34]  CollectedHeap::collect_as_vm_thread(GCCause::Cause)+0x114
V  [libjvm.so+0xad3631]  VM_CollectForMetadataAllocation::doit()+0x161
V  [libjvm.so+0xadb745]  VM_Operation::evaluate()+0x55
V  [libjvm.so+0xad9b0a]  VMThread::evaluate_operation(VM_Operation*)+0xba
V  [libjvm.so+0xad9e8e]  VMThread::loop()+0x1ce
V  [libjvm.so+0xada300]  VMThread::run()+0x70
V  [libjvm.so+0x930198]  java_start(Thread*)+0x108

VM_Operation (0x00007fa20736f3a0): CollectForMetadataAllocation, mode: safepoint, requested by thread 0x00007fa1ac004000


---------------  P R O C E S S  ---------------

Java Threads: ( => current thread )
  0x00007fa1a07f5000 JavaThread "Live Reload Server" daemon [_thread_in_native, id=15838, stack(0x00007fa204dc8000,0x00007fa204ec9000)]
  0x00007fa1a0c62800 JavaThread "HikariPool-1 housekeeper" daemon [_thread_blocked, id=15806, stack(0x00007fa204ec9000,0x00007fa204fca000)]
  0x00007fa1a0121800 JavaThread "mysql-cj-abandoned-connection-cleanup" daemon [_thread_blocked, id=15772, stack(0x00007fa2053ca000,0x00007fa2054cb000)]
  0x00007fa1a05da800 JavaThread "container-0" [_thread_blocked, id=15771, stack(0x00007fa2054cb000,0x00007fa2055cc000)]
  0x00007fa1a46f2000 JavaThread "Catalina-utility-2" [_thread_blocked, id=15770, stack(0x00007fa2061cc000,0x00007fa2062cd000)]
  0x00007fa1a05d8800 JavaThread "Catalina-utility-1" [_thread_blocked, id=15769, stack(0x00007fa206f73000,0x00007fa207074000)]
  0x00007fa1ac004000 JavaThread "restartedMain" [_thread_blocked, id=15652, stack(0x00007fa207274000,0x00007fa207375000)]
  0x00007fa228c01000 JavaThread "Thread-0" [_thread_blocked, id=15651, stack(0x00007fa207375000,0x00007fa207476000)]
  0x00007fa2285e6000 JavaThread "Service Thread" daemon [_thread_blocked, id=15649, stack(0x00007fa207a25000,0x00007fa207b26000)]
  0x00007fa228596800 JavaThread "C1 CompilerThread3" daemon [_thread_blocked, id=15648, stack(0x00007fa207b27000,0x00007fa207c27000)]
  0x00007fa228592800 JavaThread "C2 CompilerThread2" daemon [_thread_blocked, id=15647, stack(0x00007fa207c28000,0x00007fa207d28000)]
  0x00007fa228590800 JavaThread "C2 CompilerThread1" daemon [_thread_blocked, id=15646, stack(0x00007fa207d29000,0x00007fa207e29000)]
  0x00007fa2285fa000 JavaThread "C2 CompilerThread0" daemon [_thread_blocked, id=15645, stack(0x00007fa207e2a000,0x00007fa207f2a000)]
  0x00007fa1c8001000 JavaThread "JDWP Command Reader" daemon [_thread_in_native, id=15642, stack(0x00007fa20c0cf000,0x00007fa20c1d0000)]
  0x00007fa22821f000 JavaThread "JDWP Event Helper Thread" daemon [_thread_blocked, id=15641, stack(0x00007fa2140fd000,0x00007fa2141fe000)]
  0x00007fa22821b800 JavaThread "JDWP Transport Listener: dt_socket" daemon [_thread_blocked, id=15639, stack(0x00007fa2141fe000,0x00007fa2142ff000)]
  0x00007fa22820d800 JavaThread "Signal Dispatcher" daemon [_thread_blocked, id=15636, stack(0x00007fa214503000,0x00007fa214604000)]
  0x00007fa2281dc000 JavaThread "Finalizer" daemon [_thread_blocked, id=15635, stack(0x00007fa214604000,0x00007fa214705000)]
  0x00007fa2281d9800 JavaThread "Reference Handler" daemon [_thread_blocked, id=15634, stack(0x00007fa214705000,0x00007fa214806000)]
  0x00007fa228012800 JavaThread "main" [_thread_blocked, id=15623, stack(0x00007fa22ee7b000,0x00007fa22ef7b000)]

Other Threads:
=>0x00007fa2281cf800 VMThread [stack: 0x00007fa214807000,0x00007fa214907000] [id=15632]
  0x00007fa22863c800 WatcherThread [stack: 0x00007fa207925000,0x00007fa207a25000] [id=15650]

VM state:at safepoint (normal execution)

VM Mutex/Monitor currently owned by a thread:  ([mutex/lock_event])
[0x00007fa22800c790] Threads_lock - owner thread: 0x00007fa2281cf800
[0x00007fa22800cc90] Heap_lock - owner thread: 0x00007fa1ac004000

Heap:
 PSYoungGen      total 292352K, used 14320K [0x00000000d6900000, 0x00000000e9680000, 0x0000000100000000)
  eden space 278016K, 0% used [0x00000000d6900000,0x00000000d6900000,0x00000000e7880000)
  from space 14336K, 99% used [0x00000000e7a80000,0x00000000e887c128,0x00000000e8880000)
  to   space 10752K, 0% used [0x00000000e8c00000,0x00000000e8c00000,0x00000000e9680000)
 ParOldGen       total 79872K, used 22496K [0x0000000083a00000, 0x0000000088800000, 0x00000000d6900000)
  object space 79872K, 28% used [0x0000000083a00000,0x0000000084ff8018,0x0000000088800000)
 Metaspace       used 56503K, capacity 58912K, committed 59028K, reserved 1099776K
  class space    used 7619K, capacity 8029K, committed 8084K, reserved 1048576K

Card table byte_map: [0x00007fa217bf4000,0x00007fa217fd8000] byte_map_base: 0x00007fa2177d7000

Marking Bits: (ParMarkBitMap*) 0x00007fa22e31e0a0
 Begin Bits: [0x00007fa20c1d0000, 0x00007fa20e0e8000)
 End Bits:   [0x00007fa20e0e8000, 0x00007fa210000000)

Polling page: 0x00007fa22ef9b000

CodeCache: size=245760Kb used=19264Kb max_used=19264Kb free=226495Kb
 bounds [0x00007fa218398000, 0x00007fa219688000, 0x00007fa227398000]
 total_blobs=5196 nmethods=4686 adapters=431
 compilation: enabled

Compilation events (10 events):
Event: 41,286 Thread 0x00007fa228596800 5354       1       org.springframework.context.support.GenericApplicationContext::getBeanFactory (5 bytes)
Event: 41,286 Thread 0x00007fa228596800 nmethod 5354 0x00007fa21965ab90 code [0x00007fa21965ace0, 0x00007fa21965adf0]
Event: 41,286 Thread 0x00007fa228596800 5353   !   3       com.sun.proxy.$Proxy1::hashCode (32 bytes)
Event: 41,286 Thread 0x00007fa228596800 nmethod 5353 0x00007fa219607590 code [0x00007fa219607740, 0x00007fa219607c78]
Event: 41,286 Thread 0x00007fa228596800 5355       3       java.util.concurrent.atomic.AtomicBoolean::get (13 bytes)
Event: 41,287 Thread 0x00007fa228596800 nmethod 5355 0x00007fa21965ce10 code [0x00007fa21965cf80, 0x00007fa21965d130]
Event: 41,287 Thread 0x00007fa228596800 5356       3       org.springframework.context.support.AbstractApplicationContext::assertBeanFactoryActive (83 bytes)
Event: 41,288 Thread 0x00007fa228596800 nmethod 5356 0x00007fa2196673d0 code [0x00007fa219667660, 0x00007fa219668938]
Event: 43,428 Thread 0x00007fa228596800 5357       1       org.springframework.util.MimeType::getType (5 bytes)
Event: 43,428 Thread 0x00007fa228596800 nmethod 5357 0x00007fa219660750 code [0x00007fa2196608a0, 0x00007fa2196609b0]

GC Heap History (10 events):
Event: 4,635 GC heap after
Heap after GC invocations=8 (full 1):
 PSYoungGen      total 138752K, used 7287K [0x00000000d6900000, 0x00000000e4e80000, 0x0000000100000000)
  eden space 130048K, 0% used [0x00000000d6900000,0x00000000d6900000,0x00000000de800000)
  from space 8704K, 83% used [0x00000000de800000,0x00000000def1dd80,0x00000000df080000)
  to   space 9216K, 0% used [0x00000000e4580000,0x00000000e4580000,0x00000000e4e80000)
 ParOldGen       total 51200K, used 7164K [0x0000000083a00000, 0x0000000086c00000, 0x00000000d6900000)
  object space 51200K, 13% used [0x0000000083a00000,0x00000000840ff050,0x0000000086c00000)
 Metaspace       used 25823K, capacity 26588K, committed 26752K, reserved 1073152K
  class space    used 3214K, capacity 3433K, committed 3456K, reserved 1048576K
}
Event: 6,881 GC heap before
{Heap before GC invocations=9 (full 1):
 PSYoungGen      total 138752K, used 137335K [0x00000000d6900000, 0x00000000e4e80000, 0x0000000100000000)
  eden space 130048K, 100% used [0x00000000d6900000,0x00000000de800000,0x00000000de800000)
  from space 8704K, 83% used [0x00000000de800000,0x00000000def1dd80,0x00000000df080000)
  to   space 9216K, 0% used [0x00000000e4580000,0x00000000e4580000,0x00000000e4e80000)
 ParOldGen       total 51200K, used 7164K [0x0000000083a00000, 0x0000000086c00000, 0x00000000d6900000)
  object space 51200K, 13% used [0x0000000083a00000,0x00000000840ff050,0x0000000086c00000)
 Metaspace       used 31401K, capacity 32700K, committed 33024K, reserved 1077248K
  class space    used 3976K, capacity 4265K, committed 4352K, reserved 1048576K
Event: 6,892 GC heap after
Heap after GC invocations=9 (full 1):
 PSYoungGen      total 220672K, used 9184K [0x00000000d6900000, 0x00000000e4e80000, 0x0000000100000000)
  eden space 211456K, 0% used [0x00000000d6900000,0x00000000d6900000,0x00000000e3780000)
  from space 9216K, 99% used [0x00000000e4580000,0x00000000e4e78328,0x00000000e4e80000)
  to   space 11264K, 0% used [0x00000000e3880000,0x00000000e3880000,0x00000000e4380000)
 ParOldGen       total 51200K, used 8895K [0x0000000083a00000, 0x0000000086c00000, 0x00000000d6900000)
  object space 51200K, 17% used [0x0000000083a00000,0x00000000842afcc0,0x0000000086c00000)
 Metaspace       used 31401K, capacity 32700K, committed 33024K, reserved 1077248K
  class space    used 3976K, capacity 4265K, committed 4352K, reserved 1048576K
}
Event: 9,103 GC heap before
{Heap before GC invocations=10 (full 1):
 PSYoungGen      total 220672K, used 43987K [0x00000000d6900000, 0x00000000e4e80000, 0x0000000100000000)
  eden space 211456K, 16% used [0x00000000d6900000,0x00000000d8afca68,0x00000000e3780000)
  from space 9216K, 99% used [0x00000000e4580000,0x00000000e4e78328,0x00000000e4e80000)
  to   space 11264K, 0% used [0x00000000e3880000,0x00000000e3880000,0x00000000e4380000)
 ParOldGen       total 51200K, used 8895K [0x0000000083a00000, 0x0000000086c00000, 0x00000000d6900000)
  object space 51200K, 17% used [0x0000000083a00000,0x00000000842afcc0,0x0000000086c00000)
 Metaspace       used 33720K, capacity 35336K, committed 35416K, reserved 1079296K
  class space    used 4302K, capacity 4619K, committed 4696K, reserved 1048576K
Event: 9,109 GC heap after
Heap after GC invocations=10 (full 1):
 PSYoungGen      total 223744K, used 11233K [0x00000000d6900000, 0x00000000e9900000, 0x0000000100000000)
  eden space 212480K, 0% used [0x00000000d6900000,0x00000000d6900000,0x00000000e3880000)
  from space 11264K, 99% used [0x00000000e3880000,0x00000000e4378558,0x00000000e4380000)
  to   space 13312K, 0% used [0x00000000e8c00000,0x00000000e8c00000,0x00000000e9900000)
 ParOldGen       total 51200K, used 10133K [0x0000000083a00000, 0x0000000086c00000, 0x00000000d6900000)
  object space 51200K, 19% used [0x0000000083a00000,0x00000000843e54f0,0x0000000086c00000)
 Metaspace       used 33720K, capacity 35336K, committed 35416K, reserved 1079296K
  class space    used 4302K, capacity 4619K, committed 4696K, reserved 1048576K
}
Event: 9,109 GC heap before
{Heap before GC invocations=11 (full 2):
 PSYoungGen      total 223744K, used 11233K [0x00000000d6900000, 0x00000000e9900000, 0x0000000100000000)
  eden space 212480K, 0% used [0x00000000d6900000,0x00000000d6900000,0x00000000e3880000)
  from space 11264K, 99% used [0x00000000e3880000,0x00000000e4378558,0x00000000e4380000)
  to   space 13312K, 0% used [0x00000000e8c00000,0x00000000e8c00000,0x00000000e9900000)
 ParOldGen       total 51200K, used 10133K [0x0000000083a00000, 0x0000000086c00000, 0x00000000d6900000)
  object space 51200K, 19% used [0x0000000083a00000,0x00000000843e54f0,0x0000000086c00000)
 Metaspace       used 33720K, capacity 35336K, committed 35416K, reserved 1079296K
  class space    used 4302K, capacity 4619K, committed 4696K, reserved 1048576K
Event: 9,145 GC heap after
Heap after GC invocations=11 (full 2):
 PSYoungGen      total 223744K, used 0K [0x00000000d6900000, 0x00000000e9900000, 0x0000000100000000)
  eden space 212480K, 0% used [0x00000000d6900000,0x00000000d6900000,0x00000000e3880000)
  from space 11264K, 0% used [0x00000000e3880000,0x00000000e3880000,0x00000000e4380000)
  to   space 13312K, 0% used [0x00000000e8c00000,0x00000000e8c00000,0x00000000e9900000)
 ParOldGen       total 79872K, used 16653K [0x0000000083a00000, 0x0000000088800000, 0x00000000d6900000)
  object space 79872K, 20% used [0x0000000083a00000,0x0000000084a43650,0x0000000088800000)
 Metaspace       used 33720K, capacity 35336K, committed 35416K, reserved 1079296K
  class space    used 4302K, capacity 4619K, committed 4696K, reserved 1048576K
}
Event: 16,287 GC heap before
{Heap before GC invocations=12 (full 2):
 PSYoungGen      total 223744K, used 212480K [0x00000000d6900000, 0x00000000e9900000, 0x0000000100000000)
  eden space 212480K, 100% used [0x00000000d6900000,0x00000000e3880000,0x00000000e3880000)
  from space 11264K, 0% used [0x00000000e3880000,0x00000000e3880000,0x00000000e4380000)
  to   space 13312K, 0% used [0x00000000e8c00000,0x00000000e8c00000,0x00000000e9900000)
 ParOldGen       total 79872K, used 16653K [0x0000000083a00000, 0x0000000088800000, 0x00000000d6900000)
  object space 79872K, 20% used [0x0000000083a00000,0x0000000084a43650,0x0000000088800000)
 Metaspace       used 42580K, capacity 44350K, committed 44632K, reserved 1087488K
  class space    used 5539K, capacity 5902K, committed 5976K, reserved 1048576K
Event: 16,295 GC heap after
Heap after GC invocations=12 (full 2):
 PSYoungGen      total 288768K, used 10435K [0x00000000d6900000, 0x00000000e9680000, 0x0000000100000000)
  eden space 278016K, 0% used [0x00000000d6900000,0x00000000d6900000,0x00000000e7880000)
  from space 10752K, 97% used [0x00000000e8c00000,0x00000000e9630cb8,0x00000000e9680000)
  to   space 14336K, 0% used [0x00000000e7a80000,0x00000000e7a80000,0x00000000e8880000)
 ParOldGen       total 79872K, used 16661K [0x0000000083a00000, 0x0000000088800000, 0x00000000d6900000)
  object space 79872K, 20% used [0x0000000083a00000,0x0000000084a45650,0x0000000088800000)
 Metaspace       used 42580K, capacity 44350K, committed 44632K, reserved 1087488K
  class space    used 5539K, capacity 5902K, committed 5976K, reserved 1048576K
}
Event: 44,501 GC heap before
{Heap before GC invocations=13 (full 2):
 PSYoungGen      total 288768K, used 279754K [0x00000000d6900000, 0x00000000e9680000, 0x0000000100000000)
  eden space 278016K, 96% used [0x00000000d6900000,0x00000000e7001b58,0x00000000e7880000)
  from space 10752K, 97% used [0x00000000e8c00000,0x00000000e9630cb8,0x00000000e9680000)
  to   space 14336K, 0% used [0x00000000e7a80000,0x00000000e7a80000,0x00000000e8880000)
 ParOldGen       total 79872K, used 16661K [0x0000000083a00000, 0x0000000088800000, 0x00000000d6900000)
  object space 79872K, 20% used [0x0000000083a00000,0x0000000084a45650,0x0000000088800000)
 Metaspace       used 56503K, capacity 58912K, committed 59028K, reserved 1099776K
  class space    used 7619K, capacity 8029K, committed 8084K, reserved 1048576K

Deoptimization events (10 events):
Event: 43,481 Thread 0x00007fa1ac004000 Uncommon trap: reason=unhandled action=none pc=0x00007fa218d8b050 method=java.net.URLClassLoader.findClass(Ljava/lang/String;)Ljava/lang/Class; @ 44
Event: 43,482 Thread 0x00007fa1ac004000 Uncommon trap: reason=unhandled action=none pc=0x00007fa218d8b050 method=java.net.URLClassLoader.findClass(Ljava/lang/String;)Ljava/lang/Class; @ 44
Event: 43,482 Thread 0x00007fa1ac004000 Uncommon trap: reason=unhandled action=none pc=0x00007fa218d8b050 method=java.net.URLClassLoader.findClass(Ljava/lang/String;)Ljava/lang/Class; @ 44
Event: 43,482 Thread 0x00007fa1ac004000 Uncommon trap: reason=unhandled action=none pc=0x00007fa218d8b050 method=java.net.URLClassLoader.findClass(Ljava/lang/String;)Ljava/lang/Class; @ 44
Event: 43,483 Thread 0x00007fa1ac004000 Uncommon trap: reason=unhandled action=none pc=0x00007fa218d8b050 method=java.net.URLClassLoader.findClass(Ljava/lang/String;)Ljava/lang/Class; @ 44
Event: 43,483 Thread 0x00007fa1ac004000 Uncommon trap: reason=unhandled action=none pc=0x00007fa218d8b050 method=java.net.URLClassLoader.findClass(Ljava/lang/String;)Ljava/lang/Class; @ 44
Event: 43,483 Thread 0x00007fa1ac004000 Uncommon trap: reason=unhandled action=none pc=0x00007fa218d8b050 method=java.net.URLClassLoader.findClass(Ljava/lang/String;)Ljava/lang/Class; @ 44
Event: 43,484 Thread 0x00007fa1ac004000 Uncommon trap: reason=unhandled action=none pc=0x00007fa218d8b050 method=java.net.URLClassLoader.findClass(Ljava/lang/String;)Ljava/lang/Class; @ 44
Event: 43,617 Thread 0x00007fa1ac004000 Uncommon trap: reason=unhandled action=none pc=0x00007fa218d8b050 method=java.net.URLClassLoader.findClass(Ljava/lang/String;)Ljava/lang/Class; @ 44
Event: 43,726 Thread 0x00007fa1ac004000 Uncommon trap: reason=unhandled action=none pc=0x00007fa218d8b050 method=java.net.URLClassLoader.findClass(Ljava/lang/String;)Ljava/lang/Class; @ 44

Classes redefined (0 events):
No events

Internal exceptions (10 events):
Event: 31,474 Thread 0x00007fa1ac004000 Exception <a 'java/lang/ArrayIndexOutOfBoundsException': 134> (0x00000000e5ba0838) thrown at [/HUDSON/workspace/8-2-build-linux-amd64/jdk8u181/11358/hotspot/src/share/vm/interpreter/interpreterRuntime.cpp, line 366]
Event: 31,474 Thread 0x00007fa1ac004000 Exception <a 'java/lang/ArrayIndexOutOfBoundsException': 134> (0x00000000e5ba3098) thrown at [/HUDSON/workspace/8-2-build-linux-amd64/jdk8u181/11358/hotspot/src/share/vm/interpreter/interpreterRuntime.cpp, line 366]
Event: 31,475 Thread 0x00007fa1ac004000 Exception <a 'java/lang/ArrayIndexOutOfBoundsException': 134> (0x00000000e5ba7768) thrown at [/HUDSON/workspace/8-2-build-linux-amd64/jdk8u181/11358/hotspot/src/share/vm/interpreter/interpreterRuntime.cpp, line 366]
Event: 31,475 Thread 0x00007fa1ac004000 Exception <a 'java/lang/ArrayIndexOutOfBoundsException': 134> (0x00000000e5ba9fc8) thrown at [/HUDSON/workspace/8-2-build-linux-amd64/jdk8u181/11358/hotspot/src/share/vm/interpreter/interpreterRuntime.cpp, line 366]
Event: 34,369 Thread 0x00007fa1ac004000 Exception <a 'java/lang/ArrayIndexOutOfBoundsException': 265> (0x00000000e5ed7b08) thrown at [/HUDSON/workspace/8-2-build-linux-amd64/jdk8u181/11358/hotspot/src/share/vm/interpreter/interpreterRuntime.cpp, line 366]
Event: 34,370 Thread 0x00007fa1ac004000 Exception <a 'java/lang/ArrayIndexOutOfBoundsException': 256> (0x00000000e5ef0500) thrown at [/HUDSON/workspace/8-2-build-linux-amd64/jdk8u181/11358/hotspot/src/share/vm/interpreter/interpreterRuntime.cpp, line 366]
Event: 35,003 Thread 0x00007fa1ac004000 Exception <a 'java/lang/ClassNotFoundException': java/lang/ObjectCustomizer> (0x00000000e6036d58) thrown at [/HUDSON/workspace/8-2-build-linux-amd64/jdk8u181/11358/hotspot/src/share/vm/classfile/systemDictionary.cpp, line 210]
Event: 35,377 Thread 0x00007fa1ac004000 Exception <a 'java/lang/ClassNotFoundException': ar/com/wolox/challengecosta/model/PhotoCustomizer> (0x00000000e604edf8) thrown at [/HUDSON/workspace/8-2-build-linux-amd64/jdk8u181/11358/hotspot/src/share/vm/classfile/systemDictionary.cpp, line 210]
Event: 43,307 Thread 0x00007fa1ac004000 Exception <a 'java/lang/ArrayIndexOutOfBoundsException': 125> (0x00000000e6a504d8) thrown at [/HUDSON/workspace/8-2-build-linux-amd64/jdk8u181/11358/hotspot/src/share/vm/interpreter/interpreterRuntime.cpp, line 366]
Event: 43,426 Thread 0x00007fa1ac004000 Exception <a 'java/lang/ArrayIndexOutOfBoundsException': 40> (0x00000000e6a5f388) thrown at [/HUDSON/workspace/8-2-build-linux-amd64/jdk8u181/11358/hotspot/src/share/vm/interpreter/interpreterRuntime.cpp, line 366]

Events (10 events):
Event: 43,617 Thread 0x00007fa1ac004000 DEOPT PACKING pc=0x00007fa21933a6c4 sp=0x00007fa207371290
Event: 43,617 Thread 0x00007fa1ac004000 DEOPT UNPACKING pc=0x00007fa2183df784 sp=0x00007fa207370f60 mode 1
Event: 43,726 loading class org/springframework/web/servlet/mvc/method/annotation/HttpEntityMethodProcessor
Event: 43,726 loading class org/springframework/web/servlet/mvc/method/annotation/HttpEntityMethodProcessor done
Event: 43,726 Thread 0x00007fa1ac004000 Uncommon trap: trap_request=0xffffffa7 fr.pc=0x00007fa218d8b050
Event: 43,726 Thread 0x00007fa1ac004000 DEOPT PACKING pc=0x00007fa218d8b050 sp=0x00007fa207371250
Event: 43,726 Thread 0x00007fa1ac004000 DEOPT UNPACKING pc=0x00007fa2183dd73a sp=0x00007fa207371208 mode 2
Event: 43,726 Thread 0x00007fa1ac004000 DEOPT PACKING pc=0x00007fa21933a6c4 sp=0x00007fa207371290
Event: 43,726 Thread 0x00007fa1ac004000 DEOPT UNPACKING pc=0x00007fa2183df784 sp=0x00007fa207370f60 mode 1
Event: 44,136 Executing VM operation: CollectForMetadataAllocation


Dynamic libraries:
00400000-00401000 r-xp 00000000 08:05 3709807                            /usr/lib/java/jdk1.8.0_181/bin/java
00600000-00601000 rw-p 00000000 08:05 3709807                            /usr/lib/java/jdk1.8.0_181/bin/java
0180c000-0182d000 rw-p 00000000 00:00 0                                  [heap]
83a00000-88800000 rw-p 00000000 00:00 0 
88800000-d6900000 ---p 00000000 00:00 0 
d6900000-e9680000 rw-p 00000000 00:00 0 
f1100000-100000000 ---p 00000000 00:00 0 
100000000-1007e5000 rw-p 00000000 00:00 0 
1007e5000-140000000 ---p 00000000 00:00 0 
7fa188000000-7fa188021000 rw-p 00000000 00:00 0 
7fa188021000-7fa18c000000 ---p 00000000 00:00 0 
7fa190000000-7fa190021000 rw-p 00000000 00:00 0 
7fa190021000-7fa194000000 ---p 00000000 00:00 0 
7fa194000000-7fa194021000 rw-p 00000000 00:00 0 
7fa194021000-7fa198000000 ---p 00000000 00:00 0 
7fa198000000-7fa198028000 rw-p 00000000 00:00 0 
7fa198028000-7fa19c000000 ---p 00000000 00:00 0 
7fa19c000000-7fa19c021000 rw-p 00000000 00:00 0 
7fa19c021000-7fa1a0000000 ---p 00000000 00:00 0 
7fa1a0000000-7fa1a1154000 rw-p 00000000 00:00 0 
7fa1a1154000-7fa1a4000000 ---p 00000000 00:00 0 
7fa1a4000000-7fa1a48e2000 rw-p 00000000 00:00 0 
7fa1a48e2000-7fa1a8000000 ---p 00000000 00:00 0 
7fa1a8000000-7fa1a8021000 rw-p 00000000 00:00 0 
7fa1a8021000-7fa1ac000000 ---p 00000000 00:00 0 
7fa1ac000000-7fa1ac021000 rw-p 00000000 00:00 0 
7fa1ac021000-7fa1b0000000 ---p 00000000 00:00 0 
7fa1b0000000-7fa1b191d000 rw-p 00000000 00:00 0 
7fa1b191d000-7fa1b4000000 ---p 00000000 00:00 0 
7fa1b4000000-7fa1b4021000 rw-p 00000000 00:00 0 
7fa1b4021000-7fa1b8000000 ---p 00000000 00:00 0 
7fa1b8000000-7fa1bb19d000 rw-p 00000000 00:00 0 
7fa1bb19d000-7fa1bc000000 ---p 00000000 00:00 0 
7fa1bc000000-7fa1bf5dd000 rw-p 00000000 00:00 0 
7fa1bf5dd000-7fa1c0000000 ---p 00000000 00:00 0 
7fa1c0000000-7fa1c0021000 rw-p 00000000 00:00 0 
7fa1c0021000-7fa1c4000000 ---p 00000000 00:00 0 
7fa1c4000000-7fa1c6923000 rw-p 00000000 00:00 0 
7fa1c6923000-7fa1c8000000 ---p 00000000 00:00 0 
7fa1c8000000-7fa1c8021000 rw-p 00000000 00:00 0 
7fa1c8021000-7fa1cc000000 ---p 00000000 00:00 0 
7fa1cc000000-7fa1cc021000 rw-p 00000000 00:00 0 
7fa1cc021000-7fa1d0000000 ---p 00000000 00:00 0 
7fa1d0000000-7fa1d0021000 rw-p 00000000 00:00 0 
7fa1d0021000-7fa1d4000000 ---p 00000000 00:00 0 
7fa1d4000000-7fa1d4021000 rw-p 00000000 00:00 0 
7fa1d4021000-7fa1d8000000 ---p 00000000 00:00 0 
7fa1d8000000-7fa1d8292000 rw-p 00000000 00:00 0 
7fa1d8292000-7fa1dc000000 ---p 00000000 00:00 0 
7fa1dc000000-7fa1dc021000 rw-p 00000000 00:00 0 
7fa1dc021000-7fa1e0000000 ---p 00000000 00:00 0 
7fa1e0000000-7fa1e0021000 rw-p 00000000 00:00 0 
7fa1e0021000-7fa1e4000000 ---p 00000000 00:00 0 
7fa1e4000000-7fa1e4021000 rw-p 00000000 00:00 0 
7fa1e4021000-7fa1e8000000 ---p 00000000 00:00 0 
7fa1e8000000-7fa1e8021000 rw-p 00000000 00:00 0 
7fa1e8021000-7fa1ec000000 ---p 00000000 00:00 0 
7fa1f0000000-7fa1f0021000 rw-p 00000000 00:00 0 
7fa1f0021000-7fa1f4000000 ---p 00000000 00:00 0 
7fa1f8000000-7fa1f8021000 rw-p 00000000 00:00 0 
7fa1f8021000-7fa1fc000000 ---p 00000000 00:00 0 
7fa1fcdff000-7fa1fcfbf000 rw-p 00000000 00:00 0 
7fa1fcfbf000-7fa1fcfff000 ---p 00000000 00:00 0 
7fa1fcfff000-7fa200000000 rw-p 00000000 00:00 0 
7fa200000000-7fa200021000 rw-p 00000000 00:00 0 
7fa200021000-7fa204000000 ---p 00000000 00:00 0 
7fa2041c8000-7fa2043c8000 rw-p 00000000 00:00 0 
7fa2043c8000-7fa2045c8000 rw-p 00000000 00:00 0 
7fa2045c8000-7fa2047c8000 rw-p 00000000 00:00 0 
7fa2047c8000-7fa2049c8000 rw-p 00000000 00:00 0 
7fa2049c8000-7fa204bc8000 rw-p 00000000 00:00 0 
7fa204bc8000-7fa204dc8000 rw-p 00000000 00:00 0 
7fa204dc8000-7fa204dcb000 ---p 00000000 00:00 0 
7fa204dcb000-7fa204ec9000 rw-p 00000000 00:00 0 
7fa204ec9000-7fa204ecc000 ---p 00000000 00:00 0 
7fa204ecc000-7fa2051ca000 rw-p 00000000 00:00 0 
7fa2051ca000-7fa2053ca000 rw-p 00000000 00:00 0 
7fa2053ca000-7fa2053cd000 ---p 00000000 00:00 0 
7fa2053cd000-7fa2054cb000 rw-p 00000000 00:00 0 
7fa2054cb000-7fa2054ce000 ---p 00000000 00:00 0 
7fa2054ce000-7fa2057cc000 rw-p 00000000 00:00 0 
7fa2057cc000-7fa2059cc000 rw-p 00000000 00:00 0 
7fa2059cc000-7fa205bcc000 rw-p 00000000 00:00 0 
7fa205bcc000-7fa205dcc000 rw-p 00000000 00:00 0 
7fa205dcc000-7fa205fcc000 rw-p 00000000 00:00 0 
7fa205fcc000-7fa2061cc000 rw-p 00000000 00:00 0 
7fa2061cc000-7fa2061cf000 ---p 00000000 00:00 0 
7fa2061cf000-7fa2064cd000 rw-p 00000000 00:00 0 
7fa2064cd000-7fa2064de000 r-xp 00000000 08:05 3024739                    /usr/lib/java/jdk1.8.0_181/jre/lib/amd64/libnio.so
7fa2064de000-7fa2066dd000 ---p 00011000 08:05 3024739                    /usr/lib/java/jdk1.8.0_181/jre/lib/amd64/libnio.so
7fa2066dd000-7fa2066de000 rw-p 00010000 08:05 3024739                    /usr/lib/java/jdk1.8.0_181/jre/lib/amd64/libnio.so
7fa2066de000-7fa2068de000 rw-p 00000000 00:00 0 
7fa2068de000-7fa206ade000 rw-p 00000000 00:00 0 
7fa206ade000-7fa206cde000 rw-p 00000000 00:00 0 
7fa206cde000-7fa206d73000 r--s 0110e000 08:05 3024654                    /usr/lib/java/jdk1.8.0_181/jre/lib/ext/jfxrt.jar
7fa206d73000-7fa206f73000 rw-p 00000000 00:00 0 
7fa206f73000-7fa206f76000 ---p 00000000 00:00 0 
7fa206f76000-7fa207274000 rw-p 00000000 00:00 0 
7fa207274000-7fa207277000 ---p 00000000 00:00 0 
7fa207277000-7fa207375000 rw-p 00000000 00:00 0 
7fa207375000-7fa207378000 ---p 00000000 00:00 0 
7fa207378000-7fa207476000 rw-p 00000000 00:00 0 
7fa2074ff000-7fa207504000 r--s 002f9000 08:05 3024584                    /usr/lib/java/jdk1.8.0_181/jre/lib/charsets.jar
7fa207504000-7fa20751a000 r-xp 00000000 08:05 3024736                    /usr/lib/java/jdk1.8.0_181/jre/lib/amd64/libnet.so
7fa20751a000-7fa20771a000 ---p 00016000 08:05 3024736                    /usr/lib/java/jdk1.8.0_181/jre/lib/amd64/libnet.so
7fa20771a000-7fa20771b000 rw-p 00016000 08:05 3024736                    /usr/lib/java/jdk1.8.0_181/jre/lib/amd64/libnet.so
7fa20771b000-7fa207724000 r-xp 00000000 08:05 3024745                    /usr/lib/java/jdk1.8.0_181/jre/lib/amd64/libmanagement.so
7fa207724000-7fa207923000 ---p 00009000 08:05 3024745                    /usr/lib/java/jdk1.8.0_181/jre/lib/amd64/libmanagement.so
7fa207923000-7fa207924000 rw-p 00008000 08:05 3024745                    /usr/lib/java/jdk1.8.0_181/jre/lib/amd64/libmanagement.so
7fa207924000-7fa207925000 ---p 00000000 00:00 0 
7fa207925000-7fa207a25000 rw-p 00000000 00:00 0 
7fa207a25000-7fa207a28000 ---p 00000000 00:00 0 
7fa207a28000-7fa207b26000 rw-p 00000000 00:00 0 
7fa207b26000-7fa207b27000 ---p 00000000 00:00 0 
7fa207b27000-7fa207b2a000 ---p 00000000 00:00 0 
7fa207b2a000-7fa207c27000 rw-p 00000000 00:00 0 
7fa207c27000-7fa207c28000 ---p 00000000 00:00 0 
7fa207c28000-7fa207c2b000 ---p 00000000 00:00 0 
7fa207c2b000-7fa207d28000 rw-p 00000000 00:00 0 
7fa207d28000-7fa207d29000 ---p 00000000 00:00 0 
7fa207d29000-7fa207d2c000 ---p 00000000 00:00 0 
7fa207d2c000-7fa207e29000 rw-p 00000000 00:00 0 
7fa207e29000-7fa207e2a000 ---p 00000000 00:00 0 
7fa207e2a000-7fa207e2d000 ---p 00000000 00:00 0 
7fa207e2d000-7fa207f2a000 rw-p 00000000 00:00 0 
7fa207f2a000-7fa207f3d000 r--s 00345000 08:05 3024590                    /usr/lib/java/jdk1.8.0_181/jre/lib/resources.jar
7fa207f3d000-7fa207f40000 r--s 0001a000 08:05 3024597                    /usr/lib/java/jdk1.8.0_181/jre/lib/jce.jar
7fa207f40000-7fa207f45000 r--s 0009d000 08:05 3024591                    /usr/lib/java/jdk1.8.0_181/jre/lib/jsse.jar
7fa207f45000-7fa207f48000 r--s 0001e000 00:30 3548255                    /home/naipes/developer/ide/java_eclipse/eclipse/configuration/org.eclipse.osgi/414/0/.cp/lib/javaagent-shaded.jar
7fa207f48000-7fa207f61000 r--s 00123000 00:30 1588346                    /home/naipes/.m2/repository/org/springframework/spring-core/5.1.5.RELEASE/spring-core-5.1.5.RELEASE.jar
7fa207f61000-7fa207f79000 r--s 001f2000 00:30 1588334                    /home/naipes/.m2/repository/mysql/mysql-connector-java/8.0.15/mysql-connector-java-8.0.15.jar
7fa207f79000-7fa207f9d000 r--s 00110000 00:30 1588332                    /home/naipes/.m2/repository/org/springframework/boot/spring-boot-autoconfigure/2.1.3.RELEASE/spring-boot-autoconfigure-2.1.3.RELEASE.jar
7fa207f9d000-7fa207fb2000 r--s 000d3000 00:30 1588330                    /home/naipes/.m2/repository/org/springframework/boot/spring-boot/2.1.3.RELEASE/spring-boot-2.1.3.RELEASE.jar
7fa207fb2000-7fa207fb8000 r--s 0002e000 00:30 1588328                    /home/naipes/.m2/repository/org/springframework/boot/spring-boot-devtools/2.1.3.RELEASE/spring-boot-devtools-2.1.3.RELEASE.jar
7fa207fb8000-7fa207fc7000 r--s 000b5000 00:30 1588324                    /home/naipes/.m2/repository/org/springframework/spring-webmvc/5.1.5.RELEASE/spring-webmvc-5.1.5.RELEASE.jar
7fa207fc7000-7fa207fe3000 r--s 00136000 00:30 1588322                    /home/naipes/.m2/repository/org/springframework/spring-web/5.1.5.RELEASE/spring-web-5.1.5.RELEASE.jar
7fa207fe3000-7fa208000000 r--s 000fe000 00:30 1588320                    /home/naipes/.m2/repository/org/hibernate/validator/hibernate-validator/6.0.14.Final/hibernate-validator-6.0.14.Final.jar
7fa208000000-7fa208021000 rw-p 00000000 00:00 0 
7fa208021000-7fa20c000000 ---p 00000000 00:00 0 
7fa20c000000-7fa20c001000 r--s 00005000 00:30 1588348                    /home/naipes/.m2/repository/org/springframework/spring-jcl/5.1.5.RELEASE/spring-jcl-5.1.5.RELEASE.jar
7fa20c001000-7fa20c006000 r--s 00040000 00:30 1588326                    /home/naipes/.m2/repository/org/springframework/spring-expression/5.1.5.RELEASE/spring-expression-5.1.5.RELEASE.jar
7fa20c006000-7fa20c00b000 r--s 00012000 00:30 405409                     /home/naipes/.m2/repository/javax/validation/validation-api/2.0.1.Final/validation-api-2.0.1.Final.jar
7fa20c00b000-7fa20c010000 r--s 0003c000 00:30 1588318                    /home/naipes/.m2/repository/org/apache/tomcat/embed/tomcat-embed-websocket/9.0.16/tomcat-embed-websocket-9.0.16.jar
7fa20c010000-7fa20c015000 r--s 00039000 00:30 1588316                    /home/naipes/.m2/repository/org/apache/tomcat/embed/tomcat-embed-el/9.0.16/tomcat-embed-el-9.0.16.jar
7fa20c015000-7fa20c03f000 r--s 002f9000 00:30 1588314                    /home/naipes/.m2/repository/org/apache/tomcat/embed/tomcat-embed-core/9.0.16/tomcat-embed-core-9.0.16.jar
7fa20c03f000-7fa20c040000 r--s 00000000 00:30 1588312                    /home/naipes/.m2/repository/org/springframework/boot/spring-boot-starter-tomcat/2.1.3.RELEASE/spring-boot-starter-tomcat-2.1.3.RELEASE.jar
7fa20c040000-7fa20c042000 r--s 00001000 00:30 1588310                    /home/naipes/.m2/repository/com/fasterxml/jackson/module/jackson-module-parameter-names/2.9.8/jackson-module-parameter-names-2.9.8.jar
7fa20c042000-7fa20c045000 r--s 00016000 00:30 1588308                    /home/naipes/.m2/repository/com/fasterxml/jackson/datatype/jackson-datatype-jsr310/2.9.8/jackson-datatype-jsr310-2.9.8.jar
7fa20c045000-7fa20c047000 r--s 00007000 00:30 1588306                    /home/naipes/.m2/repository/com/fasterxml/jackson/datatype/jackson-datatype-jdk8/2.9.8/jackson-datatype-jdk8-2.9.8.jar
7fa20c047000-7fa20c04b000 r--s 0004c000 00:30 1588304                    /home/naipes/.m2/repository/com/fasterxml/jackson/core/jackson-core/2.9.8/jackson-core-2.9.8.jar
7fa20c04b000-7fa20c04e000 r--s 0000e000 00:30 405380                     /home/naipes/.m2/repository/com/fasterxml/jackson/core/jackson-annotations/2.9.0/jackson-annotations-2.9.0.jar
7fa20c04e000-7fa20c060000 r--s 00137000 00:30 1588302                    /home/naipes/.m2/repository/com/fasterxml/jackson/core/jackson-databind/2.9.8/jackson-databind-2.9.8.jar
7fa20c060000-7fa20c061000 r--s 00000000 00:30 7340579                    /home/naipes/.m2/repository/org/springframework/boot/spring-boot-starter-json/2.1.3.RELEASE/spring-boot-starter-json-2.1.3.RELEASE.jar
7fa20c061000-7fa20c068000 r--s 00043000 00:30 5637871                    /home/naipes/.m2/repository/org/yaml/snakeyaml/1.23/snakeyaml-1.23.jar
7fa20c068000-7fa20c06a000 r--s 00005000 00:30 3024470                    /home/naipes/.m2/repository/javax/annotation/javax.annotation-api/1.3.2/javax.annotation-api-1.3.2.jar
7fa20c06a000-7fa20c06c000 r--s 00000000 00:30 405375                     /home/naipes/.m2/repository/org/slf4j/jul-to-slf4j/1.7.25/jul-to-slf4j-1.7.25.jar
7fa20c06c000-7fa20c072000 r--s 0003c000 00:30 1588300                    /home/naipes/.m2/repository/org/apache/logging/log4j/log4j-api/2.11.2/log4j-api-2.11.2.jar
7fa20c072000-7fa20c074000 r--s 00003000 00:30 1588298                    /home/naipes/.m2/repository/org/apache/logging/log4j/log4j-to-slf4j/2.11.2/log4j-to-slf4j-2.11.2.jar
7fa20c074000-7fa20c07f000 r--s 00069000 00:30 405368                     /home/naipes/.m2/repository/ch/qos/logback/logback-core/1.2.3/logback-core-1.2.3.jar
7fa20c07f000-7fa20c085000 r--s 00041000 00:30 405366                     /home/naipes/.m2/repository/ch/qos/logback/logback-classic/1.2.3/logback-classic-1.2.3.jar
7fa20c085000-7fa20c086000 r--s 00000000 00:30 1588296                    /home/naipes/.m2/repository/org/springframework/boot/spring-boot-starter-logging/2.1.3.RELEASE/spring-boot-starter-logging-2.1.3.RELEASE.jar
7fa20c086000-7fa20c088000 r--s 0000a000 00:30 1588290                    /home/naipes/.m2/repository/org/springframework/spring-aspects/5.1.5.RELEASE/spring-aspects-5.1.5.RELEASE.jar
7fa20c088000-7fa20c095000 r--s 00098000 00:30 1588288                    /home/naipes/.m2/repository/org/springframework/spring-beans/5.1.5.RELEASE/spring-beans-5.1.5.RELEASE.jar
7fa20c095000-7fa20c09d000 r--s 00037000 00:30 1588286                    /home/naipes/.m2/repository/org/springframework/spring-tx/5.1.5.RELEASE/spring-tx-5.1.5.RELEASE.jar
7fa20c09d000-7fa20c0b7000 r--s 000f3000 00:30 1588284                    /home/naipes/.m2/repository/org/springframework/spring-context/5.1.5.RELEASE/spring-context-5.1.5.RELEASE.jar
7fa20c0b7000-7fa20c0cf000 r--s 00105000 00:30 1588280                    /home/naipes/.m2/repository/org/springframework/data/spring-data-commons/2.1.5.RELEASE/spring-data-commons-2.1.5.RELEASE.jar
7fa20c0cf000-7fa20c0d2000 ---p 00000000 00:00 0 
7fa20c0d2000-7fa210000000 rw-p 00000000 00:00 0 
7fa210000000-7fa210021000 rw-p 00000000 00:00 0 
7fa210021000-7fa214000000 ---p 00000000 00:00 0 
7fa214000000-7fa214001000 r--s 00000000 00:30 1588294                    /home/naipes/.m2/repository/org/springframework/boot/spring-boot-starter/2.1.3.RELEASE/spring-boot-starter-2.1.3.RELEASE.jar
7fa214001000-7fa214003000 r--s 00009000 00:30 405467                     /home/naipes/.m2/repository/org/slf4j/slf4j-api/1.7.25/slf4j-api-1.7.25.jar
7fa214003000-7fa214007000 r--s 0002d000 00:30 1588282                    /home/naipes/.m2/repository/org/springframework/spring-orm/5.1.5.RELEASE/spring-orm-5.1.5.RELEASE.jar
7fa214007000-7fa21400e000 r--s 0004e000 00:30 1588278                    /home/naipes/.m2/repository/org/springframework/data/spring-data-jpa/2.1.5.RELEASE/spring-data-jpa-2.1.5.RELEASE.jar
7fa21400e000-7fa214011000 r--s 00010000 00:30 1588276                    /home/naipes/.m2/repository/org/hibernate/common/hibernate-commons-annotations/5.0.4.Final/hibernate-commons-annotations-5.0.4.Final.jar
7fa214011000-7fa214016000 r--s 0004b000 00:30 1588274                    /home/naipes/.m2/repository/org/dom4j/dom4j/2.1.1/dom4j-2.1.1.jar
7fa214016000-7fa214018000 r--s 0000f000 00:30 1588272                    /home/naipes/.m2/repository/com/fasterxml/classmate/1.4.0/classmate-1.4.0.jar
7fa214018000-7fa21401b000 r--s 0002b000 00:30 1588270                    /home/naipes/.m2/repository/org/jboss/jandex/2.0.5.Final/jandex-2.0.5.Final.jar
7fa21401b000-7fa214020000 r--s 00068000 00:30 1588268                    /home/naipes/.m2/repository/antlr/antlr/2.7.7/antlr-2.7.7.jar
7fa214020000-7fa214067000 r--s 002d9000 00:30 5114342                    /home/naipes/.m2/repository/net/bytebuddy/byte-buddy/1.9.10/byte-buddy-1.9.10.jar
7fa214067000-7fa214072000 r--s 000b2000 00:30 1588266                    /home/naipes/.m2/repository/org/javassist/javassist/3.23.1-GA/javassist-3.23.1-GA.jar
7fa214072000-7fa214078000 r--s 00023000 00:30 1588264                    /home/naipes/.m2/repository/javax/persistence/javax.persistence-api/2.2/javax.persistence-api-2.2.jar
7fa214078000-7fa21407a000 r--s 0000f000 00:30 405411                     /home/naipes/.m2/repository/org/jboss/logging/jboss-logging/3.3.2.Final/jboss-logging-3.3.2.Final.jar
7fa21407a000-7fa2140fd000 r--s 00624000 00:30 1588262                    /home/naipes/.m2/repository/org/hibernate/hibernate-core/5.3.7.Final/hibernate-core-5.3.7.Final.jar
7fa2140fd000-7fa214100000 ---p 00000000 00:00 0 
7fa214100000-7fa2141fe000 rw-p 00000000 00:00 0 
7fa2141fe000-7fa214201000 ---p 00000000 00:00 0 
7fa214201000-7fa2142ff000 rw-p 00000000 00:00 0 
7fa2142ff000-7fa214303000 r-xp 00000000 08:05 3024705                    /usr/lib/java/jdk1.8.0_181/jre/lib/amd64/libdt_socket.so
7fa214303000-7fa214502000 ---p 00004000 08:05 3024705                    /usr/lib/java/jdk1.8.0_181/jre/lib/amd64/libdt_socket.so
7fa214502000-7fa214503000 rw-p 00003000 08:05 3024705                    /usr/lib/java/jdk1.8.0_181/jre/lib/amd64/libdt_socket.so
7fa214503000-7fa214506000 ---p 00000000 00:00 0 
7fa214506000-7fa214604000 rw-p 00000000 00:00 0 
7fa214604000-7fa214607000 ---p 00000000 00:00 0 
7fa214607000-7fa214705000 rw-p 00000000 00:00 0 
7fa214705000-7fa214708000 ---p 00000000 00:00 0 
7fa214708000-7fa214806000 rw-p 00000000 00:00 0 
7fa214806000-7fa214807000 ---p 00000000 00:00 0 
7fa214807000-7fa216422000 rw-p 00000000 00:00 0 
7fa216422000-7fa2165fc000 r--s 03d6b000 08:05 3024586                    /usr/lib/java/jdk1.8.0_181/jre/lib/rt.jar
7fa2165fc000-7fa217255000 rw-p 00000000 00:00 0 
7fa217255000-7fa217256000 ---p 00000000 00:00 0 
7fa217256000-7fa217356000 rw-p 00000000 00:00 0 
7fa217356000-7fa217357000 ---p 00000000 00:00 0 
7fa217357000-7fa217457000 rw-p 00000000 00:00 0 
7fa217457000-7fa217458000 ---p 00000000 00:00 0 
7fa217458000-7fa217558000 rw-p 00000000 00:00 0 
7fa217558000-7fa217559000 ---p 00000000 00:00 0 
7fa217559000-7fa217659000 rw-p 00000000 00:00 0 
7fa217659000-7fa21765a000 ---p 00000000 00:00 0 
7fa21765a000-7fa21775a000 rw-p 00000000 00:00 0 
7fa21775a000-7fa21775b000 ---p 00000000 00:00 0 
7fa21775b000-7fa21785b000 rw-p 00000000 00:00 0 
7fa21785b000-7fa21785c000 ---p 00000000 00:00 0 
7fa21785c000-7fa217983000 rw-p 00000000 00:00 0 
7fa217983000-7fa217bf4000 ---p 00000000 00:00 0 
7fa217bf4000-7fa217c1b000 rw-p 00000000 00:00 0 
7fa217c1b000-7fa217e8b000 ---p 00000000 00:00 0 
7fa217e8b000-7fa217f23000 rw-p 00000000 00:00 0 
7fa217f23000-7fa217fd7000 ---p 00000000 00:00 0 
7fa217fd7000-7fa218024000 rw-p 00000000 00:00 0 
7fa218024000-7fa218398000 ---p 00000000 00:00 0 
7fa218398000-7fa219688000 rwxp 00000000 00:00 0 
7fa219688000-7fa227398000 ---p 00000000 00:00 0 
7fa227398000-7fa2273b3000 r-xp 00000000 08:05 3024732                    /usr/lib/java/jdk1.8.0_181/jre/lib/amd64/libzip.so
7fa2273b3000-7fa2275b3000 ---p 0001b000 08:05 3024732                    /usr/lib/java/jdk1.8.0_181/jre/lib/amd64/libzip.so
7fa2275b3000-7fa2275b4000 rw-p 0001b000 08:05 3024732                    /usr/lib/java/jdk1.8.0_181/jre/lib/amd64/libzip.so
7fa2275b4000-7fa2275bf000 r-xp 00000000 08:05 7475921                    /lib/x86_64-linux-gnu/libnss_files-2.27.so
7fa2275bf000-7fa2277be000 ---p 0000b000 08:05 7475921                    /lib/x86_64-linux-gnu/libnss_files-2.27.so
7fa2277be000-7fa2277bf000 r--p 0000a000 08:05 7475921                    /lib/x86_64-linux-gnu/libnss_files-2.27.so
7fa2277bf000-7fa2277c0000 rw-p 0000b000 08:05 7475921                    /lib/x86_64-linux-gnu/libnss_files-2.27.so
7fa2277c0000-7fa2277c6000 rw-p 00000000 00:00 0 
7fa2277c6000-7fa2277dd000 r-xp 00000000 08:05 7475915                    /lib/x86_64-linux-gnu/libnsl-2.27.so
7fa2277dd000-7fa2279dc000 ---p 00017000 08:05 7475915                    /lib/x86_64-linux-gnu/libnsl-2.27.so
7fa2279dc000-7fa2279dd000 r--p 00016000 08:05 7475915                    /lib/x86_64-linux-gnu/libnsl-2.27.so
7fa2279dd000-7fa2279de000 rw-p 00017000 08:05 7475915                    /lib/x86_64-linux-gnu/libnsl-2.27.so
7fa2279de000-7fa2279e0000 rw-p 00000000 00:00 0 
7fa2279e0000-7fa2279eb000 r-xp 00000000 08:05 7475932                    /lib/x86_64-linux-gnu/libnss_nis-2.27.so
7fa2279eb000-7fa227bea000 ---p 0000b000 08:05 7475932                    /lib/x86_64-linux-gnu/libnss_nis-2.27.so
7fa227bea000-7fa227beb000 r--p 0000a000 08:05 7475932                    /lib/x86_64-linux-gnu/libnss_nis-2.27.so
7fa227beb000-7fa227bec000 rw-p 0000b000 08:05 7475932                    /lib/x86_64-linux-gnu/libnss_nis-2.27.so
7fa227bec000-7fa227bf4000 r-xp 00000000 08:05 7475917                    /lib/x86_64-linux-gnu/libnss_compat-2.27.so
7fa227bf4000-7fa227df4000 ---p 00008000 08:05 7475917                    /lib/x86_64-linux-gnu/libnss_compat-2.27.so
7fa227df4000-7fa227df5000 r--p 00008000 08:05 7475917                    /lib/x86_64-linux-gnu/libnss_compat-2.27.so
7fa227df5000-7fa227df6000 rw-p 00009000 08:05 7475917                    /lib/x86_64-linux-gnu/libnss_compat-2.27.so
7fa227df6000-7fa227e00000 r-xp 00000000 08:05 3024741                    /usr/lib/java/jdk1.8.0_181/jre/lib/amd64/libinstrument.so
7fa227e00000-7fa227fff000 ---p 0000a000 08:05 3024741                    /usr/lib/java/jdk1.8.0_181/jre/lib/amd64/libinstrument.so
7fa227fff000-7fa228000000 rw-p 00009000 08:05 3024741                    /usr/lib/java/jdk1.8.0_181/jre/lib/amd64/libinstrument.so
7fa228000000-7fa228c0a000 rw-p 00000000 00:00 0 
7fa228c0a000-7fa22c000000 ---p 00000000 00:00 0 
7fa22c000000-7fa22c002000 r--s 0000c000 00:30 1588260                    /home/naipes/.m2/repository/javax/activation/javax.activation-api/1.2.0/javax.activation-api-1.2.0.jar
7fa22c002000-7fa22c01b000 r--s 001de000 00:30 1588248                    /home/naipes/.m2/repository/org/aspectj/aspectjweaver/1.9.2/aspectjweaver-1.9.2.jar
7fa22c01b000-7fa22c01c000 ---p 00000000 00:00 0 
7fa22c01c000-7fa22c11c000 rw-p 00000000 00:00 0 
7fa22c11c000-7fa22c52b000 r--p 00000000 08:05 2234764                    /usr/lib/locale/locale-archive
7fa22c52b000-7fa22c52d000 r-xp 00000000 08:05 3024707                    /usr/lib/java/jdk1.8.0_181/jre/lib/amd64/libnpt.so
7fa22c52d000-7fa22c72d000 ---p 00002000 08:05 3024707                    /usr/lib/java/jdk1.8.0_181/jre/lib/amd64/libnpt.so
7fa22c72d000-7fa22c72e000 rw-p 00002000 08:05 3024707                    /usr/lib/java/jdk1.8.0_181/jre/lib/amd64/libnpt.so
7fa22c72e000-7fa22c768000 r-xp 00000000 08:05 3024719                    /usr/lib/java/jdk1.8.0_181/jre/lib/amd64/libjdwp.so
7fa22c768000-7fa22c967000 ---p 0003a000 08:05 3024719                    /usr/lib/java/jdk1.8.0_181/jre/lib/amd64/libjdwp.so
7fa22c967000-7fa22c968000 rw-p 00039000 08:05 3024719                    /usr/lib/java/jdk1.8.0_181/jre/lib/amd64/libjdwp.so
7fa22c968000-7fa22c969000 rw-p 00000000 00:00 0 
7fa22c969000-7fa22c994000 r-xp 00000000 08:05 3024726                    /usr/lib/java/jdk1.8.0_181/jre/lib/amd64/libjava.so
7fa22c994000-7fa22cb93000 ---p 0002b000 08:05 3024726                    /usr/lib/java/jdk1.8.0_181/jre/lib/amd64/libjava.so
7fa22cb93000-7fa22cb95000 rw-p 0002a000 08:05 3024726                    /usr/lib/java/jdk1.8.0_181/jre/lib/amd64/libjava.so
7fa22cb95000-7fa22cba2000 r-xp 00000000 08:05 3024731                    /usr/lib/java/jdk1.8.0_181/jre/lib/amd64/libverify.so
7fa22cba2000-7fa22cda2000 ---p 0000d000 08:05 3024731                    /usr/lib/java/jdk1.8.0_181/jre/lib/amd64/libverify.so
7fa22cda2000-7fa22cda4000 rw-p 0000d000 08:05 3024731                    /usr/lib/java/jdk1.8.0_181/jre/lib/amd64/libverify.so
7fa22cda4000-7fa22cdab000 r-xp 00000000 08:05 7475972                    /lib/x86_64-linux-gnu/librt-2.27.so
7fa22cdab000-7fa22cfaa000 ---p 00007000 08:05 7475972                    /lib/x86_64-linux-gnu/librt-2.27.so
7fa22cfaa000-7fa22cfab000 r--p 00006000 08:05 7475972                    /lib/x86_64-linux-gnu/librt-2.27.so
7fa22cfab000-7fa22cfac000 rw-p 00007000 08:05 7475972                    /lib/x86_64-linux-gnu/librt-2.27.so
7fa22cfac000-7fa22d149000 r-xp 00000000 08:05 7475894                    /lib/x86_64-linux-gnu/libm-2.27.so
7fa22d149000-7fa22d348000 ---p 0019d000 08:05 7475894                    /lib/x86_64-linux-gnu/libm-2.27.so
7fa22d348000-7fa22d349000 r--p 0019c000 08:05 7475894                    /lib/x86_64-linux-gnu/libm-2.27.so
7fa22d349000-7fa22d34a000 rw-p 0019d000 08:05 7475894                    /lib/x86_64-linux-gnu/libm-2.27.so
7fa22d34a000-7fa22e026000 r-xp 00000000 08:05 3024753                    /usr/lib/java/jdk1.8.0_181/jre/lib/amd64/server/libjvm.so
7fa22e026000-7fa22e226000 ---p 00cdc000 08:05 3024753                    /usr/lib/java/jdk1.8.0_181/jre/lib/amd64/server/libjvm.so
7fa22e226000-7fa22e300000 rw-p 00cdc000 08:05 3024753                    /usr/lib/java/jdk1.8.0_181/jre/lib/amd64/server/libjvm.so
7fa22e300000-7fa22e34b000 rw-p 00000000 00:00 0 
7fa22e34b000-7fa22e532000 r-xp 00000000 08:05 7475831                    /lib/x86_64-linux-gnu/libc-2.27.so
7fa22e532000-7fa22e732000 ---p 001e7000 08:05 7475831                    /lib/x86_64-linux-gnu/libc-2.27.so
7fa22e732000-7fa22e736000 r--p 001e7000 08:05 7475831                    /lib/x86_64-linux-gnu/libc-2.27.so
7fa22e736000-7fa22e738000 rw-p 001eb000 08:05 7475831                    /lib/x86_64-linux-gnu/libc-2.27.so
7fa22e738000-7fa22e73c000 rw-p 00000000 00:00 0 
7fa22e73c000-7fa22e73f000 r-xp 00000000 08:05 7475854                    /lib/x86_64-linux-gnu/libdl-2.27.so
7fa22e73f000-7fa22e93e000 ---p 00003000 08:05 7475854                    /lib/x86_64-linux-gnu/libdl-2.27.so
7fa22e93e000-7fa22e93f000 r--p 00002000 08:05 7475854                    /lib/x86_64-linux-gnu/libdl-2.27.so
7fa22e93f000-7fa22e940000 rw-p 00003000 08:05 7475854                    /lib/x86_64-linux-gnu/libdl-2.27.so
7fa22e940000-7fa22e956000 r-xp 00000000 08:05 4731203                    /usr/lib/java/jdk1.8.0_181/lib/amd64/jli/libjli.so
7fa22e956000-7fa22eb55000 ---p 00016000 08:05 4731203                    /usr/lib/java/jdk1.8.0_181/lib/amd64/jli/libjli.so
7fa22eb55000-7fa22eb56000 rw-p 00015000 08:05 4731203                    /usr/lib/java/jdk1.8.0_181/lib/amd64/jli/libjli.so
7fa22eb56000-7fa22eb70000 r-xp 00000000 08:05 7475964                    /lib/x86_64-linux-gnu/libpthread-2.27.so
7fa22eb70000-7fa22ed6f000 ---p 0001a000 08:05 7475964                    /lib/x86_64-linux-gnu/libpthread-2.27.so
7fa22ed6f000-7fa22ed70000 r--p 00019000 08:05 7475964                    /lib/x86_64-linux-gnu/libpthread-2.27.so
7fa22ed70000-7fa22ed71000 rw-p 0001a000 08:05 7475964                    /lib/x86_64-linux-gnu/libpthread-2.27.so
7fa22ed71000-7fa22ed75000 rw-p 00000000 00:00 0 
7fa22ed75000-7fa22ed9c000 r-xp 00000000 08:05 7475803                    /lib/x86_64-linux-gnu/ld-2.27.so
7fa22ed9c000-7fa22eda0000 r--s 0001c000 00:30 1588258                    /home/naipes/.m2/repository/javax/xml/bind/jaxb-api/2.3.1/jaxb-api-2.3.1.jar
7fa22eda0000-7fa22eda9000 r--s 0005a000 00:30 1588254                    /home/naipes/.m2/repository/org/springframework/spring-jdbc/5.1.5.RELEASE/spring-jdbc-5.1.5.RELEASE.jar
7fa22eda9000-7fa22ee7a000 rw-p 00000000 00:00 0 
7fa22ee7a000-7fa22ee7b000 ---p 00000000 00:00 0 
7fa22ee7b000-7fa22ee7e000 ---p 00000000 00:00 0 
7fa22ee7e000-7fa22ef7f000 rw-p 00000000 00:00 0 
7fa22ef7f000-7fa22ef80000 r--s 00000000 00:30 1588292                    /home/naipes/.m2/repository/org/springframework/boot/spring-boot-starter-web/2.1.3.RELEASE/spring-boot-starter-web-2.1.3.RELEASE.jar
7fa22ef80000-7fa22ef81000 r--s 00006000 00:30 1588256                    /home/naipes/.m2/repository/javax/transaction/javax.transaction-api/1.3/javax.transaction-api-1.3.jar
7fa22ef81000-7fa22ef85000 r--s 00020000 00:30 1588252                    /home/naipes/.m2/repository/com/zaxxer/HikariCP/3.2.0/HikariCP-3.2.0.jar
7fa22ef85000-7fa22ef86000 r--s 00000000 00:30 1588250                    /home/naipes/.m2/repository/org/springframework/boot/spring-boot-starter-jdbc/2.1.3.RELEASE/spring-boot-starter-jdbc-2.1.3.RELEASE.jar
7fa22ef86000-7fa22ef90000 r--s 00051000 00:30 1588246                    /home/naipes/.m2/repository/org/springframework/spring-aop/5.1.5.RELEASE/spring-aop-5.1.5.RELEASE.jar
7fa22ef90000-7fa22ef91000 r--s 00000000 00:30 1588244                    /home/naipes/.m2/repository/org/springframework/boot/spring-boot-starter-aop/2.1.3.RELEASE/spring-boot-starter-aop-2.1.3.RELEASE.jar
7fa22ef91000-7fa22ef92000 r--s 00000000 00:30 1588242                    /home/naipes/.m2/repository/org/springframework/boot/spring-boot-starter-data-jpa/2.1.3.RELEASE/spring-boot-starter-data-jpa-2.1.3.RELEASE.jar
7fa22ef92000-7fa22ef9a000 rw-s 00000000 08:05 9833002                    /tmp/hsperfdata_naipes/15616
7fa22ef9a000-7fa22ef9b000 rw-p 00000000 00:00 0 
7fa22ef9b000-7fa22ef9c000 ---p 00000000 00:00 0 
7fa22ef9c000-7fa22ef9d000 r--p 00027000 08:05 7475803                    /lib/x86_64-linux-gnu/ld-2.27.so
7fa22ef9d000-7fa22ef9e000 rw-p 00028000 08:05 7475803                    /lib/x86_64-linux-gnu/ld-2.27.so
7fa22ef9e000-7fa22ef9f000 rw-p 00000000 00:00 0 
7ffe43108000-7ffe4312b000 rw-p 00000000 00:00 0                          [stack]
7ffe431bc000-7ffe431bf000 r--p 00000000 00:00 0                          [vvar]
7ffe431bf000-7ffe431c1000 r-xp 00000000 00:00 0                          [vdso]
ffffffffff600000-ffffffffff601000 r-xp 00000000 00:00 0                  [vsyscall]

VM Arguments:
jvm_args: -agentlib:jdwp=transport=dt_socket,suspend=y,address=localhost:35455 -javaagent:/home/naipes/developer/ide/java_eclipse/eclipse/configuration/org.eclipse.osgi/414/0/.cp/lib/javaagent-shaded.jar -Dfile.encoding=UTF-8 
java_command: ar.com.wolox.challengecosta.ChallengeCostaApplication
java_class_path (initial): /home/naipes/developer/workspaces/java/challenge-costa/target/classes:/home/naipes/.m2/repository/org/springframework/boot/spring-boot-starter-data-jpa/2.1.3.RELEASE/spring-boot-starter-data-jpa-2.1.3.RELEASE.jar:/home/naipes/.m2/repository/org/springframework/boot/spring-boot-starter-aop/2.1.3.RELEASE/spring-boot-starter-aop-2.1.3.RELEASE.jar:/home/naipes/.m2/repository/org/springframework/spring-aop/5.1.5.RELEASE/spring-aop-5.1.5.RELEASE.jar:/home/naipes/.m2/repository/org/aspectj/aspectjweaver/1.9.2/aspectjweaver-1.9.2.jar:/home/naipes/.m2/repository/org/springframework/boot/spring-boot-starter-jdbc/2.1.3.RELEASE/spring-boot-starter-jdbc-2.1.3.RELEASE.jar:/home/naipes/.m2/repository/com/zaxxer/HikariCP/3.2.0/HikariCP-3.2.0.jar:/home/naipes/.m2/repository/org/springframework/spring-jdbc/5.1.5.RELEASE/spring-jdbc-5.1.5.RELEASE.jar:/home/naipes/.m2/repository/javax/transaction/javax.transaction-api/1.3/javax.transaction-api-1.3.jar:/home/naipes/.m2/repository/javax/xml/bind/jaxb-api/2.3.1/jaxb-api-2.3.1.jar:/home/naipes/.m2/repository/javax/activation/javax.activation-api/1.2.0/javax.activation-api-1.2.0.jar:/home/naipes/.m2/repository/org/hibernate/hibernate-core/5.3.7.Final/hibernate-core-5.3.7.Final.jar:/home/naipes/.m2/repository/org/jboss/logging/jboss-logging/3.3.2.Final/jboss-logging-3.3.2.Final.jar:/home/naipes/.m2/repository/javax/persistence/javax.persistence-api/2.2/javax.persistence-api-2.2.jar:/home/naipes/.m2/repository/org/javassist/javassist/3.23.1-GA/javassist-3.23.1-GA.jar:/home/naipes/.m2/repository/net/bytebuddy/byte-buddy/1.9.10/byte-buddy-1.9.10.jar:/home/naipes/.m2/repository/antlr/antlr/2.7.7/antlr-2.7.7.jar:/home/naipes/.m2/repository/org/jboss/jandex/2.0.5.Final/jandex-2.0.5.Final.jar:/home/naipes/.m2/repository/com/fasterxml/classmate/1.4.0/classmate-1.4.0.jar:/home/naipes/.m2/repository/org/dom4j/dom4j/2.1.1/dom4j-2.1.1.jar:/home/naipes/.m2/repository/org/hibernate/common/hibernate-commons-annotations/5.0.4.Fi
Launcher Type: SUN_STANDARD

Environment Variables:
JAVA_HOME=/usr/lib/java/jdk1.8.0_181
PATH=/usr/lib/java/jdk1.8.0_181/bin:/usr/local/sbin:/usr/local/bin:/usr/sbin:/usr/bin:/sbin:/bin:/usr/games:/usr/local/games:/opt/apache-maven-3.5.4/bin:/home/naipes/.rvm/bin
SHELL=/bin/bash
DISPLAY=:0

Signal Handlers:
SIGSEGV: [libjvm.so+0xad2a40], sa_mask[0]=11111111011111111101111111111110, sa_flags=SA_RESTART|SA_SIGINFO
SIGBUS: [libjvm.so+0xad2a40], sa_mask[0]=11111111011111111101111111111110, sa_flags=SA_RESTART|SA_SIGINFO
SIGFPE: [libjvm.so+0x92a610], sa_mask[0]=11111111011111111101111111111110, sa_flags=SA_RESTART|SA_SIGINFO
SIGPIPE: [libjvm.so+0x92a610], sa_mask[0]=11111111011111111101111111111110, sa_flags=SA_RESTART|SA_SIGINFO
SIGXFSZ: [libjvm.so+0x92a610], sa_mask[0]=11111111011111111101111111111110, sa_flags=SA_RESTART|SA_SIGINFO
SIGILL: [libjvm.so+0x92a610], sa_mask[0]=11111111011111111101111111111110, sa_flags=SA_RESTART|SA_SIGINFO
SIGUSR1: SIG_DFL, sa_mask[0]=00000000000000000000000000000000, sa_flags=none
SIGUSR2: [libjvm.so+0x92be70], sa_mask[0]=00100000000000000000000000000000, sa_flags=SA_RESTART|SA_SIGINFO
SIGHUP: [libjvm.so+0x92d270], sa_mask[0]=11111111011111111101111111111110, sa_flags=SA_RESTART|SA_SIGINFO
SIGINT: [libjvm.so+0x92d270], sa_mask[0]=11111111011111111101111111111110, sa_flags=SA_RESTART|SA_SIGINFO
SIGTERM: [libjvm.so+0x92d270], sa_mask[0]=11111111011111111101111111111110, sa_flags=SA_RESTART|SA_SIGINFO
SIGQUIT: [libjvm.so+0x92d270], sa_mask[0]=11111111011111111101111111111110, sa_flags=SA_RESTART|SA_SIGINFO


---------------  S Y S T E M  ---------------

OS:DISTRIB_ID=LinuxMint
DISTRIB_RELEASE=19
DISTRIB_CODENAME=tara
DISTRIB_DESCRIPTION="Linux Mint 19 Tara"

uname:Linux 4.15.0-45-generic #48-Ubuntu SMP Tue Jan 29 16:28:13 UTC 2019 x86_64
libc:glibc 2.27 NPTL 2.27 
rlimit: STACK 8192k, CORE 0k, NPROC 31591, NOFILE 1048576, AS infinity
load average:13,24 3,84 1,50

/proc/meminfo:
MemTotal:        8150888 kB
MemFree:          129080 kB
MemAvailable:      55512 kB
Buffers:            2684 kB
Cached:           370096 kB
SwapCached:            0 kB
Active:          7275852 kB
Inactive:         325884 kB
Active(anon):    7235688 kB
Inactive(anon):   284012 kB
Active(file):      40164 kB
Inactive(file):    41872 kB
Unevictable:         576 kB
Mlocked:             576 kB
SwapTotal:             0 kB
SwapFree:              0 kB
Dirty:              2312 kB
Writeback:           548 kB
AnonPages:       7229784 kB
Mapped:           439204 kB
Shmem:            290548 kB
Slab:             134012 kB
SReclaimable:      42556 kB
SUnreclaim:        91456 kB
KernelStack:       20576 kB
PageTables:        88624 kB
NFS_Unstable:          0 kB
Bounce:                0 kB
WritebackTmp:          0 kB
CommitLimit:     4075444 kB
Committed_AS:   18337104 kB
VmallocTotal:   34359738367 kB
VmallocUsed:           0 kB
VmallocChunk:          0 kB
HardwareCorrupted:     0 kB
AnonHugePages:         0 kB
ShmemHugePages:        0 kB
ShmemPmdMapped:        0 kB
CmaTotal:              0 kB
CmaFree:               0 kB
HugePages_Total:       0
HugePages_Free:        0
HugePages_Rsvd:        0
HugePages_Surp:        0
Hugepagesize:       2048 kB
DirectMap4k:      505344 kB
DirectMap2M:     7866368 kB


CPU:total 8 (initial active 8) (4 cores per cpu, 2 threads per core) family 6 model 42 stepping 7, cmov, cx8, fxsr, mmx, sse, sse2, sse3, ssse3, sse4.1, sse4.2, popcnt, avx, aes, clmul, ht, tsc, tscinvbit

/proc/cpuinfo:
processor	: 0
vendor_id	: GenuineIntel
cpu family	: 6
model		: 42
model name	: Intel(R) Core(TM) i7-2600 CPU @ 3.40GHz
stepping	: 7
microcode	: 0x2e
cpu MHz		: 3639.512
cache size	: 8192 KB
physical id	: 0
siblings	: 8
core id		: 0
cpu cores	: 4
apicid		: 0
initial apicid	: 0
fpu		: yes
fpu_exception	: yes
cpuid level	: 13
wp		: yes
flags		: fpu vme de pse tsc msr pae mce cx8 apic sep mtrr pge mca cmov pat pse36 clflush dts acpi mmx fxsr sse sse2 ss ht tm pbe syscall nx rdtscp lm constant_tsc arch_perfmon pebs bts rep_good nopl xtopology nonstop_tsc cpuid aperfmperf pni pclmulqdq dtes64 monitor ds_cpl vmx smx est tm2 ssse3 cx16 xtpr pdcm pcid sse4_1 sse4_2 x2apic popcnt tsc_deadline_timer aes xsave avx lahf_lm epb pti ssbd ibrs ibpb stibp tpr_shadow vnmi flexpriority ept vpid xsaveopt dtherm ida arat pln pts flush_l1d
bugs		: cpu_meltdown spectre_v1 spectre_v2 spec_store_bypass l1tf
bogomips	: 6819.94
clflush size	: 64
cache_alignment	: 64
address sizes	: 36 bits physical, 48 bits virtual
power management:

processor	: 1
vendor_id	: GenuineIntel
cpu family	: 6
model		: 42
model name	: Intel(R) Core(TM) i7-2600 CPU @ 3.40GHz
stepping	: 7
microcode	: 0x2e
cpu MHz		: 3591.261
cache size	: 8192 KB
physical id	: 0
siblings	: 8
core id		: 1
cpu cores	: 4
apicid		: 2
initial apicid	: 2
fpu		: yes
fpu_exception	: yes
cpuid level	: 13
wp		: yes
flags		: fpu vme de pse tsc msr pae mce cx8 apic sep mtrr pge mca cmov pat pse36 clflush dts acpi mmx fxsr sse sse2 ss ht tm pbe syscall nx rdtscp lm constant_tsc arch_perfmon pebs bts rep_good nopl xtopology nonstop_tsc cpuid aperfmperf pni pclmulqdq dtes64 monitor ds_cpl vmx smx est tm2 ssse3 cx16 xtpr pdcm pcid sse4_1 sse4_2 x2apic popcnt tsc_deadline_timer aes xsave avx lahf_lm epb pti ssbd ibrs ibpb stibp tpr_shadow vnmi flexpriority ept vpid xsaveopt dtherm ida arat pln pts flush_l1d
bugs		: cpu_meltdown spectre_v1 spectre_v2 spec_store_bypass l1tf
bogomips	: 6819.94
clflush size	: 64
cache_alignment	: 64
address sizes	: 36 bits physical, 48 bits virtual
power management:

processor	: 2
vendor_id	: GenuineIntel
cpu family	: 6
model		: 42
model name	: Intel(R) Core(TM) i7-2600 CPU @ 3.40GHz
stepping	: 7
microcode	: 0x2e
cpu MHz		: 3720.274
cache size	: 8192 KB
physical id	: 0
siblings	: 8
core id		: 2
cpu cores	: 4
apicid		: 4
initial apicid	: 4
fpu		: yes
fpu_exception	: yes
cpuid level	: 13
wp		: yes
flags		: fpu vme de pse tsc msr pae mce cx8 apic sep mtrr pge mca cmov pat pse36 clflush dts acpi mmx fxsr sse sse2 ss ht tm pbe syscall nx rdtscp lm constant_tsc arch_perfmon pebs bts rep_good nopl xtopology nonstop_tsc cpuid aperfmperf pni pclmulqdq dtes64 monitor ds_cpl vmx smx est tm2 ssse3 cx16 xtpr pdcm pcid sse4_1 sse4_2 x2apic popcnt tsc_deadline_timer aes xsave avx lahf_lm epb pti ssbd ibrs ibpb stibp tpr_shadow vnmi flexpriority ept vpid xsaveopt dtherm ida arat pln pts flush_l1d
bugs		: cpu_meltdown spectre_v1 spectre_v2 spec_store_bypass l1tf
bogomips	: 6819.94
clflush size	: 64
cache_alignment	: 64
address sizes	: 36 bits physical, 48 bits virtual
power management:

processor	: 3
vendor_id	: GenuineIntel
cpu family	: 6
model		: 42
model name	: Intel(R) Core(TM) i7-2600 CPU @ 3.40GHz
stepping	: 7
microcode	: 0x2e
cpu MHz		: 3613.483
cache size	: 8192 KB
physical id	: 0
siblings	: 8
core id		: 3
cpu cores	: 4
apicid		: 6
initial apicid	: 6
fpu		: yes
fpu_exception	: yes
cpuid level	: 13
wp		: yes
flags		: fpu vme de pse tsc msr pae mce cx8 apic sep mtrr pge mca cmov pat pse36 clflush dts acpi mmx fxsr sse sse2 ss ht tm pbe syscall nx rdtscp lm constant_tsc arch_perfmon pebs bts rep_good nopl xtopology nonstop_tsc cpuid aperfmperf pni pclmulqdq dtes64 monitor ds_cpl vmx smx est tm2 ssse3 cx16 xtpr pdcm pcid sse4_1 sse4_2 x2apic popcnt tsc_deadline_timer aes xsave avx lahf_lm epb pti ssbd ibrs ibpb stibp tpr_shadow vnmi flexpriority ept vpid xsaveopt dtherm ida arat pln pts flush_l1d
bugs		: cpu_meltdown spectre_v1 spectre_v2 spec_store_bypass l1tf
bogomips	: 6819.94
clflush size	: 64
cache_alignment	: 64
address sizes	: 36 bits physical, 48 bits virtual
power management:

processor	: 4
vendor_id	: GenuineIntel
cpu family	: 6
model		: 42
model name	: Intel(R) Core(TM) i7-2600 CPU @ 3.40GHz
stepping	: 7
microcode	: 0x2e
cpu MHz		: 3706.968
cache size	: 8192 KB
physical id	: 0
siblings	: 8
core id		: 0
cpu cores	: 4
apicid		: 1
initial apicid	: 1
fpu		: yes
fpu_exception	: yes
cpuid level	: 13
wp		: yes
flags		: fpu vme de pse tsc msr pae mce cx8 apic sep mtrr pge mca cmov pat pse36 clflush dts acpi mmx fxsr sse sse2 ss ht tm pbe syscall nx rdtscp lm constant_tsc arch_perfmon pebs bts rep_good nopl xtopology nonstop_tsc cpuid aperfmperf pni pclmulqdq dtes64 monitor ds_cpl vmx smx est tm2 ssse3 cx16 xtpr pdcm pcid sse4_1 sse4_2 x2apic popcnt tsc_deadline_timer aes xsave avx lahf_lm epb pti ssbd ibrs ibpb stibp tpr_shadow vnmi flexpriority ept vpid xsaveopt dtherm ida arat pln pts flush_l1d
bugs		: cpu_meltdown spectre_v1 spectre_v2 spec_store_bypass l1tf
bogomips	: 6819.94
clflush size	: 64
cache_alignment	: 64
address sizes	: 36 bits physical, 48 bits virtual
power management:

processor	: 5
vendor_id	: GenuineIntel
cpu family	: 6
model		: 42
model name	: Intel(R) Core(TM) i7-2600 CPU @ 3.40GHz
stepping	: 7
microcode	: 0x2e
cpu MHz		: 3689.352
cache size	: 8192 KB
physical id	: 0
siblings	: 8
core id		: 1
cpu cores	: 4
apicid		: 3
initial apicid	: 3
fpu		: yes
fpu_exception	: yes
cpuid level	: 13
wp		: yes
flags		: fpu vme de pse tsc msr pae mce cx8 apic sep mtrr pge mca cmov pat pse36 clflush dts acpi mmx fxsr sse sse2 ss ht tm pbe syscall nx rdtscp lm constant_tsc arch_perfmon pebs bts rep_good nopl xtopology nonstop_tsc cpuid aperfmperf pni pclmulqdq dtes64 monitor ds_cpl vmx smx est tm2 ssse3 cx16 xtpr pdcm pcid sse4_1 sse4_2 x2apic popcnt tsc_deadline_timer aes xsave avx lahf_lm epb pti ssbd ibrs ibpb stibp tpr_shadow vnmi flexpriority ept vpid xsaveopt dtherm ida arat pln pts flush_l1d
bugs		: cpu_meltdown spectre_v1 spectre_v2 spec_store_bypass l1tf
bogomips	: 6819.94
clflush size	: 64
cache_alignment	: 64
address sizes	: 36 bits physical, 48 bits virtual
power management:

processor	: 6
vendor_id	: GenuineIntel
cpu family	: 6
model		: 42
model name	: Intel(R) Core(TM) i7-2600 CPU @ 3.40GHz
stepping	: 7
microcode	: 0x2e
cpu MHz		: 3752.563
cache size	: 8192 KB
physical id	: 0
siblings	: 8
core id		: 2
cpu cores	: 4
apicid		: 5
initial apicid	: 5
fpu		: yes
fpu_exception	: yes
cpuid level	: 13
wp		: yes
flags		: fpu vme de pse tsc msr pae mce cx8 apic sep mtrr pge mca cmov pat pse36 clflush dts acpi mmx fxsr sse sse2 ss ht tm pbe syscall nx rdtscp lm constant_tsc arch_perfmon pebs bts rep_good nopl xtopology nonstop_tsc cpuid aperfmperf pni pclmulqdq dtes64 monitor ds_cpl vmx smx est tm2 ssse3 cx16 xtpr pdcm pcid sse4_1 sse4_2 x2apic popcnt tsc_deadline_timer aes xsave avx lahf_lm epb pti ssbd ibrs ibpb stibp tpr_shadow vnmi flexpriority ept vpid xsaveopt dtherm ida arat pln pts flush_l1d
bugs		: cpu_meltdown spectre_v1 spectre_v2 spec_store_bypass l1tf
bogomips	: 6819.94
clflush size	: 64
cache_alignment	: 64
address sizes	: 36 bits physical, 48 bits virtual
power management:

processor	: 7
vendor_id	: GenuineIntel
cpu family	: 6
model		: 42
model name	: Intel(R) Core(TM) i7-2600 CPU @ 3.40GHz
stepping	: 7
microcode	: 0x2e
cpu MHz		: 3620.276
cache size	: 8192 KB
physical id	: 0
siblings	: 8
core id		: 3
cpu cores	: 4
apicid		: 7
initial apicid	: 7
fpu		: yes
fpu_exception	: yes
cpuid level	: 13
wp		: yes
flags		: fpu vme de pse tsc msr pae mce cx8 apic sep mtrr pge mca cmov pat pse36 clflush dts acpi mmx fxsr sse sse2 ss ht tm pbe syscall nx rdtscp lm constant_tsc arch_perfmon pebs bts rep_good nopl xtopology nonstop_tsc cpuid aperfmperf pni pclmulqdq dtes64 monitor ds_cpl vmx smx est tm2 ssse3 cx16 xtpr pdcm pcid sse4_1 sse4_2 x2apic popcnt tsc_deadline_timer aes xsave avx lahf_lm epb pti ssbd ibrs ibpb stibp tpr_shadow vnmi flexpriority ept vpid xsaveopt dtherm ida arat pln pts flush_l1d
bugs		: cpu_meltdown spectre_v1 spectre_v2 spec_store_bypass l1tf
bogomips	: 6819.94
clflush size	: 64
cache_alignment	: 64
address sizes	: 36 bits physical, 48 bits virtual
power management:



Memory: 4k page, physical 8150888k(128832k free), swap 0k(0k free)

vm_info: Java HotSpot(TM) 64-Bit Server VM (25.181-b13) for linux-amd64 JRE (1.8.0_181-b13), built on Jul  7 2018 00:56:38 by "java_re" with gcc 4.3.0 20080428 (Red Hat 4.3.0-8)

time: Fri Mar 22 01:23:43 2019
elapsed time: 77 seconds (0d 0h 1m 17s)

